\BOOKMARK [1][-]{section*.1}{\376\377\144\130\211\201}{}% 1
\BOOKMARK [1][-]{section*.2}{\376\377\000A\000b\000s\000t\000r\000a\000c\000t}{}% 2
\BOOKMARK [1][-]{section.1}{\376\377\133\374\213\272}{}% 3
\BOOKMARK [2][-]{subsection.1.1}{\376\377\137\256\122\006\121\340\117\125\116\055\166\204\145\160\133\146\151\202\137\365\127\050\162\151\164\006\116\055\166\204\136\224\165\050\000\040}{section.1}% 4
\BOOKMARK [3][-]{subsubsection.1.1.1}{\376\377\164\006\213\272\122\233\133\146}{subsection.1.1}% 5
\BOOKMARK [3][-]{subsubsection.1.1.2}{\376\377\165\065\122\250\122\233\133\146}{subsection.1.1}% 6
\BOOKMARK [2][-]{subsection.1.2}{\376\377\221\317\133\120\166\370\133\371\213\272\124\214\221\317\133\120\121\340\117\125\133\146\000:\000\040\000C\000P\000\050\000n\000\051\117\134\116\072\117\213\133\120}{section.1}% 7
\BOOKMARK [3][-]{subsubsection.1.2.1}{\376\377\000F\000u\000b\000i\000n\000i\000-\000S\000t\000u\000d\000y\136\246\211\304\124\214\146\362\163\207\0002\000-\137\142\137\017}{subsection.1.2}% 8
\BOOKMARK [3][-]{subsubsection.1.2.2}{\376\377\127\372\140\001\155\101\137\142\166\204\142\323\142\121\124\214\123\302\145\160\155\113\127\060\176\277\145\271\172\013}{subsection.1.2}% 9
\BOOKMARK [3][-]{subsubsection.1.2.3}{\376\377\123\357\211\302\155\113\221\317\124\214\121\340\117\125\205\233\133\232\214\024\145\271\172\013}{subsection.1.2}% 10
\BOOKMARK [2][-]{subsection.1.3}{\376\377\142\323\142\121\176\335\177\030\117\123}{section.1}% 11
\BOOKMARK [1][-]{section.2}{\376\377\215\205\133\374\221\317\133\120\165\065\215\357}{}% 12
\BOOKMARK [2][-]{subsection.2.1}{\376\377\215\205\133\374\221\317\133\120\165\065\215\357\166\204\147\204\116\366}{section.2}% 13
\BOOKMARK [3][-]{subsubsection.2.1.1}{\376\377\176\246\164\137\131\053\150\356\176\323\116\016\136\223\117\057\166\322\166\204\221\317\133\120\123\026}{subsection.2.1}% 14
\BOOKMARK [3][-]{subsubsection.2.1.2}{\376\377\117\040\217\223\176\277\201\124\166\204\221\317\133\120\123\026}{subsection.2.1}% 15
\BOOKMARK [3][-]{subsubsection.2.1.3}{\376\377\136\070\211\301\166\204\173\200\123\125\221\317\133\120\153\324\162\171}{subsection.2.1}% 16
\BOOKMARK [3][-]{subsubsection.2.1.4}{\376\377\221\317\133\120\153\324\162\171\116\113\225\364\166\204\000i\000n\000\040\000s\000i\000t\000u\200\046\124\010\126\150}{subsection.2.1}% 17
\BOOKMARK [2][-]{subsection.2.2}{\376\377\215\205\133\374\221\317\133\120\165\065\215\357\166\204\164\006\213\272\152\041\127\213}{section.2}% 18
\BOOKMARK [3][-]{subsubsection.2.2.1}{\376\377\000J\000C\152\041\127\213\124\214\142\311\153\324\227\007\203\141}{subsection.2.2}% 19
\BOOKMARK [3][-]{subsubsection.2.2.2}{\376\377\000R\000a\000b\000i\152\041\127\213}{subsection.2.2}% 20
\BOOKMARK [3][-]{subsubsection.2.2.3}{\376\377\221\317\133\120\143\247\122\066}{subsection.2.2}% 21
\BOOKMARK [2][-]{subsection.2.3}{\376\377\215\205\133\374\221\317\133\120\165\065\215\357\116\012\166\204\116\272\135\345\211\304\203\003\127\072}{section.2}% 22
\BOOKMARK [3][-]{subsubsection.2.3.1}{\376\377\121\166\116\326\117\123\174\373\116\055\166\204\116\272\135\345\211\304\203\003\127\072}{subsection.2.3}% 23
\BOOKMARK [3][-]{subsubsection.2.3.2}{\376\377\123\302\123\330\200\046\124\010\133\374\201\364\166\204\147\011\145\110\116\272\135\345\211\304\203\003\127\072}{subsection.2.3}% 24
\BOOKMARK [2][-]{subsection.2.4}{\376\377\136\224\165\050\0001\000:\215\205\133\374\221\317\133\120\165\065\215\357\166\204\214\061\155\113\221\317}{section.2}% 25
\BOOKMARK [2][-]{subsection.2.5}{\376\377\136\224\165\050\0002\000:\215\205\133\374\221\317\133\120\165\065\215\357\116\012\166\204\227\136\176\335\160\355\121\340\117\125\124\214\116\120\225\350}{section.2}% 26
\BOOKMARK [1][-]{section.3}{\376\377\221\317\133\120\152\041\142\337}{}% 27
\BOOKMARK [2][-]{subsection.3.1}{\376\377\221\317\133\120\152\041\142\337\166\204\176\262\230\206}{section.3}% 28
\BOOKMARK [2][-]{subsection.3.2}{\376\377\136\224\165\050\0001\000:\215\205\133\374\221\317\133\120\165\065\215\357\152\041\142\337\142\323\142\121\176\335\177\030\117\123}{section.3}% 29
\BOOKMARK [2][-]{subsection.3.3}{\376\377\136\224\165\050\0002\000:\215\205\133\374\221\317\133\120\165\065\215\357\170\024\172\166\227\136\123\204\174\163\116\013\166\204\142\323\142\121\162\151\166\370}{section.3}% 30
\BOOKMARK [2][-]{subsection.3.4}{\376\377\136\224\165\050\0003\000:\215\205\133\374\221\317\133\120\165\065\215\357\155\113\221\317\147\054\137\201\140\001\000K\000\344\000h\000l\000e\000r\155\101\137\142\116\012\166\204\121\340\117\125\133\146}{section.3}% 31
\BOOKMARK [3][-]{subsubsection.3.4.1}{\376\377\221\317\133\120\134\102\147\220\122\236\154\325}{subsection.3.4}% 32
\BOOKMARK [3][-]{subsubsection.3.4.2}{\376\377\227\136\176\335\160\355\157\024\123\026\122\236\154\325}{subsection.3.4}% 33
\BOOKMARK [3][-]{subsubsection.3.4.3}{\376\377\124\150\147\037\137\256\142\160\122\236\154\325}{subsection.3.4}% 34
\BOOKMARK [3][-]{subsubsection.3.4.4}{\376\377\117\213\133\120\377\032\201\352\145\313\0001\000/\0002\174\373\176\337\116\345\123\312\201\352\145\313\224\376\174\373\176\337}{subsection.3.4}% 35
\BOOKMARK [1][-]{section.4}{\376\377\176\323\213\272\124\214\134\125\147\033}{}% 36
\BOOKMARK [1][-]{section.5}{\376\377\201\364\214\042\124\214\162\110\147\103\130\360\146\016}{}% 37
\BOOKMARK [1][-]{section.6}{\376\377\147\054\171\321\123\321\210\150\166\204\135\345\117\134}{}% 38
\BOOKMARK [1][-]{section*.54}{\376\377\123\302\200\003\145\207\163\056}{}% 39
\BOOKMARK [1][-]{附录.1.A}{\376\377\226\104\137\125\000\040\137\256\122\006\137\142\137\017}{}% 40
\BOOKMARK [1][-]{附录.1.B}{\376\377\226\104\137\125\000\040\127\372\147\054\177\244\060\001\232\330\176\364\124\014\117\046\177\244\124\214\142\323\142\121\116\015\123\330\221\317}{}% 41
\BOOKMARK [1][-]{附录.1.C}{\376\377\226\104\137\125\000\040\176\244\176\364\116\033\164\006\213\272}{}% 42
\BOOKMARK [1][-]{附录.1.D}{\376\377\226\104\137\125\000\040\124\014\214\003\060\001\116\012\124\014\214\003\124\214\142\323\142\121\116\015\123\330\221\317}{}% 43
